<?xml version="1.0" encoding="UTF-8"?><testsuite errors="1" failures="0" name="Seleccion" skipped="0" tests="1" time="39.76" timestamp="2019-11-317 03:55:43"><testcase name="Ingreso de datos&#13;&#10;Give Que me encuentro en la pagina makemytrip"><error message="Timed out after 16 seconds. Element not found&#10;For documentation on this error, please visit: http://seleniumhq.org/exceptions/no_such_element.html&#10;Build info: version: '2.53.0', revision: '35ae25b1534ae328c771e0856c93e187490ca824', time: '2016-03-15 10:43:46'&#10;System info: host: 'DESKTOP-G4645NL', ip: '192.168.99.156', os.name: 'Windows 10', os.arch: 'amd64', os.version: '10.0', java.version: '1.8.0_192'&#10;Driver info: driver.version: unknown" type="org.openqa.selenium.NoSuchElementException">Timed out after 16 seconds. Element not found
For documentation on this error, please visit: http://seleniumhq.org/exceptions/no_such_element.html
Build info: version: '2.53.0', revision: '35ae25b1534ae328c771e0856c93e187490ca824', time: '2016-03-15 10:43:46'
System info: host: 'DESKTOP-G4645NL', ip: '192.168.99.156', os.name: 'Windows 10', os.arch: 'amd64', os.version: '10.0', java.version: '1.8.0_192'
Driver info: driver.version: unknown</error><system-err>Timed out after 16 seconds. Element not found
For documentation on this error, please visit: http://seleniumhq.org/exceptions/no_such_element.html
Build info: version: '2.53.0', revision: '35ae25b1534ae328c771e0856c93e187490ca824', time: '2016-03-15 10:43:46'
System info: host: 'DESKTOP-G4645NL', ip: '192.168.99.156', os.name: 'Windows 10', os.arch: 'amd64', os.version: '10.0', java.version: '1.8.0_192'
Driver info: driver.version: unknown&#13;
com.buscarvuelo.pages.SeleccionPages.ingresarDatos(SeleccionPages.java:37)&#13;
com.buscarvuelo.steps.SeleccionSteps.ingresarDatos(SeleccionSteps.java:22)&#13;
com.buscarvuelo.definitions.SeleccionDefinitions.ingresarDatos(SeleccionDefinitions.java:22)&#13;
</system-err></testcase></testsuite>